[0mGET /api/pokemon/3 [31m500[0m 7.246 ms - 168[0m
[0mGET /api/pokemon/3 [31m500[0m 2.893 ms - 168[0m
[0mGET /api/pokemon/3 [32m200[0m 10.596 ms - 103[0m
[0mGET /api/pokemon/1 [32m200[0m 1.626 ms - 104[0m
[0mGET /api/pokemon/liste [33m400[0m 1.769 ms - 51[0m
[0mGET /api/pokemon/ [33m404[0m 1.704 ms - 151[0m
[0mGET /api/pokemon/de [33m400[0m 0.242 ms - 51[0m
[0mGET /api/pokemon/7 [32m200[0m 23.031 ms - 98[0m
[0mGET /api/pokemons/liste [33m404[0m 0.411 ms - 157[0m
[0mGET /api/pokemon/liste [33m400[0m 0.187 ms - 51[0m
[0mGET /api/pokemon/liste/1 [33m404[0m 0.311 ms - 158[0m
[0mGET /api/pokemon/liste?page=1 [33m400[0m 0.265 ms - 51[0m
[0mGET /api/pokemon/liste?page=3 [33m400[0m 0.266 ms - 51[0m
[0mGET /api/pokemon/liste?type=grass [33m400[0m 0.169 ms - 51[0m
[0mGET /api/pokemon/1 [32m200[0m 1.741 ms - 104[0m
[0mGET /api/pokemon/liste [32m200[0m 14.021 ms - 2689[0m
[0mGET /api/pokemon/7 [32m200[0m 1.903 ms - 98[0m
[0mGET /api/pokemon/14 [32m200[0m 1.717 ms - 99[0m
[0mGET /api/pokemon/liste?page=2 [32m200[0m 2.758 ms - 2655[0m
[0mGET /api/pokemon/liste?page=1 [32m200[0m 2.203 ms - 2689[0m
[0mGET /api/pokemon/liste?page=5 [32m200[0m 2.234 ms - 2703[0m
[0mGET /api/pokemon/liste?type=fire [32m200[0m 3.837 ms - 2567[0m
[0mGET /api/pokemon/liste?type=fire [31m500[0m 8.883 ms - 75[0m
[0mGET /api/pokemon/14 [31m500[0m 2.177 ms - 75[0m
[0mGET /api/pokemon/liste?page=5 [31m500[0m 2.163 ms - 75[0m
[0mGET /api/pokemon/liste?page=5 [31m500[0m 17.810 ms - 215[0m
[0mGET /api/pokemon/liste?page=5 [31m500[0m 6.608 ms - 215[0m
[0mGET /api/pokemon/14 [32m200[0m 11.994 ms - 99[0m
[0mGET /api/pokemon/liste?page=5 [31m500[0m 2.245 ms - 215[0m
[0mGET /api/pokemon/liste?page=7 [31m500[0m 1.196 ms - 215[0m
[0mGET /api/pokemon/liste?page=1 [31m500[0m 1.105 ms - 213[0m
[0mGET /api/pokemon/liste?type=fire [32m200[0m 12.562 ms - 2567[0m
[0mGET /api/pokemon/liste?type=fire [32m200[0m 10.150 ms - 2567[0m
[0mGET /api/pokemon/liste?type=psy [32m200[0m 2.478 ms - 61[0m
[0mGET /api/pokemon/liste?type=water [32m200[0m 2.428 ms - 2580[0m
[0mGET /api/pokemon/liste?page=1 [32m200[0m 2.960 ms - 2689[0m
[0mPOST /api/pokemon/ [33m400[0m 1.583 ms - 89[0m
[0mPOST /api/pokemon/ [31m500[0m 0.753 ms - 1960[0m
[0mPOST /api/pokemon/ [31m500[0m 1.155 ms - 1968[0m
[0mPOST /api/pokemon/ [31m500[0m 2.024 ms - 87[0m
[0mPOST /api/pokemon/ [31m500[0m 0.469 ms - 87[0m
[0mPOST /api/pokemon/ [33m400[0m 0.241 ms - 89[0m
[0mPOST /api/pokemon/ [31m500[0m 0.461 ms - 87[0m
[0mPOST /api/pokemon/ [31m500[0m 0.246 ms - 87[0m
[0mPOST /api/pokemon/ [31m500[0m 0.220 ms - 87[0m
[0mPOST /api/pokemon/ [31m500[0m 0.389 ms - 87[0m
[0mPOST /api/pokemon/ [32m201[0m 17.695 ms - 160[0m
[0mGET /api/pokemon/liste?type=%C3%A9lectrique [32m200[0m 4.936 ms - 168[0m
[0mPOST /api/pokemon/ [32m201[0m 9.043 ms - 155[0m
[0mPOST /api/pokemon/ [31m500[0m 8.084 ms - 78[0m
[0mPOST /api/pokemon/ [32m201[0m 7.891 ms - 187[0m
[0mGET /api/pokemon/liste?page=1 [32m200[0m 21.757 ms - 2689[0m
[0mGET /api/pokemon/liste?page=24 [32m200[0m 3.803 ms - 2684[0m
[0mGET /api/pokemon/liste?type=%C3%A9lectrique [32m200[0m 5.277 ms - 168[0m
[0mGET /api/pokemon/liste?type=grass [32m200[0m 2.999 ms - 2645[0m
[0mGET /api/pokemon/liste?page=2&type=grass [32m200[0m 4.491 ms - 2584[0m
[0mPOST /api/pokemon/ [32m201[0m 2.713 ms - 185[0m
[0mGET /api/pokemon/1077 [32m200[0m 3.341 ms - 103[0m
[0mPUT /api/pokemon/1077 [33m404[0m 1.619 ms - 155[0m
[0mPUT /api/pokemon/1077 [33m404[0m 0.339 ms - 155[0m
[0mPUT /api/pokemon/1 [33m404[0m 0.210 ms - 152[0m
[0mPUT /api/pokemon/1 [33m404[0m 0.190 ms - 152[0m
[0mPUT /api/pokemon/1 [33m404[0m 1.456 ms - 152[0m
[0mPUT /api/pokemon/1 [33m404[0m 0.495 ms - 152[0m
[0mPUT /api/pokemon/1 [31m500[0m 1.569 ms - 1930[0m
[0mPUT /api/pokemon/1 [31m500[0m 8.063 ms - 67[0m
[0mPUT /api/pokemon/1 [31m500[0m 1.518 ms - 1930[0m
[0mPUT /api/pokemon/1077 [31m500[0m 0.381 ms - 1930[0m
[0mPUT /api/pokemon/1077 [31m500[0m 1.161 ms - 1930[0m
[0mPUT /api/pokemon/1077 [31m500[0m 2.136 ms - 1930[0m
[0mDELETE /api/pokemon/1077 [31m500[0m 1.718 ms - 1930[0m
[0mDELETE /api/pokemon/1077 [31m500[0m 0.492 ms - 1930[0m
[0mDELETE /api/pokemon/1077 [31m500[0m 1.970 ms - 1932[0m
[0mPUT /api/pokemon/1077 [31m500[0m 17.419 ms - 63[0m
[0mPUT /api/pokemon/1077 [32m200[0m 25.975 ms - 197[0m
[0mPUT /api/pokemon/1077 [32m200[0m 9.167 ms - 196[0m
[0mPUT /api/pokemon/1077 [31m500[0m 12.173 ms - 63[0m
[0mPUT /api/pokemon/1077 [32m200[0m 19.222 ms - 196[0m
[0mDELETE /api/pokemon/1077 [31m500[0m 1.484 ms - 1932[0m
[0mDELETE /api/pokemon/1077 [31m500[0m 2.062 ms - 1932[0m
[0mDELETE /api/pokemon/1077 [31m500[0m 0.544 ms - 1932[0m
[0mDELETE /api/pokemon/1077 [31m500[0m 10.696 ms - 69[0m
[0mDELETE /api/pokemon/1077 [31m500[0m 8.873 ms - 69[0m
[0mDELETE /api/pokemon/1077 [31m500[0m 2.616 ms - 69[0m
[0mDELETE /api/pokemon/1077 [31m500[0m 10.707 ms - 69[0m
[0mDELETE /api/pokemon/1077 [32m200[0m 9.467 ms - -[0m
[0mDELETE /api/pokemon/1077 [32m200[0m 2.353 ms - -[0m
[0mGET /api/pokemon/1077 [33m404[0m 7.337 ms - 34[0m
[0mGET /api/pokemon/1076 [32m200[0m 14.652 ms - 103[0m
[0mDELETE /api/pokemon/1076 [32m200[0m 3.701 ms - 84[0m
[0mGET /api/pokemon/1076 [33m404[0m 3.697 ms - 34[0m
[0mDELETE /api/pokemon/1076 [33m404[0m 2.535 ms - 51[0m
